<?xml version="1.0" encoding="UTF-8"?>
<!-- Generated by org.testng.reporters.JUnitReportReporter -->
<testsuite hostname="LAPTOP-E0AKRUV9" failures="0" tests="3" name="curs17.TestAnnotationExample" time="0.018" errors="0" timestamp="2024-04-26T17:44:20 EEST" skipped="0">
  <testcase classname="curs17.TestAnnotationExample" name="test2" time="0.001"/>
  <system-out/>
  <testcase classname="curs17.TestAnnotationExample" name="test1" time="0.014"/>
  <system-out/>
  <testcase classname="curs17.TestAnnotationExample" name="test3" time="0.003"/>
  <system-out/>
</testsuite> <!-- curs17.TestAnnotationExample -->
