<?xml version="1.0" encoding="UTF-8"?>
<!-- Generated by org.testng.reporters.JUnitReportReporter -->
<testsuite hostname="LAPTOP-E0AKRUV9" failures="0" tests="1" name="curs20.RelativeLocators" time="1.115" errors="0" timestamp="2024-05-10T17:52:59 EEST" skipped="0">
  <testcase classname="curs20.RelativeLocators" name="relativeLocatorsExample" time="1.115"/>
  <system-out/>
</testsuite> <!-- curs20.RelativeLocators -->
