<?xml version="1.0" encoding="UTF-8"?>
<!-- Generated by org.testng.reporters.JUnitReportReporter -->
<testsuite hostname="LAPTOP-E0AKRUV9" failures="0" tests="1" name="curs17.OpenBrowser" time="10.167" errors="0" timestamp="2024-04-26T17:30:06 EEST" skipped="0">
  <testcase classname="curs17.OpenBrowser" name="openBrowser" time="10.167"/>
  <system-out/>
</testsuite> <!-- curs17.OpenBrowser -->
