<?xml version="1.0" encoding="UTF-8"?>
<!-- Generated by org.testng.reporters.JUnitReportReporter -->
<testsuite hostname="LAPTOP-E0AKRUV9" failures="0" tests="4" name="curs19.SeleniumLocators" time="2.068" errors="0" timestamp="2024-05-08T17:58:10 EEST" skipped="0">
  <testcase classname="curs19.SeleniumLocators" name="tagNameLocator" time="0.070"/>
  <system-out/>
  <testcase classname="curs19.SeleniumLocators" name="linkTextLocator" time="0.715"/>
  <system-out/>
  <testcase classname="curs19.SeleniumLocators" name="partialLinkTextLocator" time="1.191"/>
  <system-out/>
  <testcase classname="curs19.SeleniumLocators" name="classNameLocator" time="0.092"/>
  <system-out/>
</testsuite> <!-- curs19.SeleniumLocators -->
