<?xml version="1.0" encoding="UTF-8"?>
<!-- Generated by org.testng.reporters.JUnitReportReporter -->
<testsuite hostname="LAPTOP-E0AKRUV9" failures="0" tests="2" name="curs18.BeforeAfterAnnotations" time="0.012" errors="0" timestamp="2024-05-08T09:26:30 EEST" skipped="0">
  <testcase classname="curs18.BeforeAfterAnnotations" name="test2" time="0.003"/>
  <system-out/>
  <testcase classname="curs18.BeforeAfterAnnotations" name="test1" time="0.009"/>
  <system-out/>
</testsuite> <!-- curs18.BeforeAfterAnnotations -->
