<?xml version="1.0" encoding="UTF-8"?>
<!-- Generated by org.testng.reporters.JUnitReportReporter -->
<testsuite hostname="LAPTOP-E0AKRUV9" failures="0" tests="8" name="curs19.SeleniumLocators" time="8.241" errors="0" timestamp="2024-05-10T16:38:05 EEST" skipped="0">
  <testcase classname="curs19.SeleniumLocators" name="tagNameLocator" time="1.437"/>
  <system-out/>
  <testcase classname="curs19.SeleniumLocators" name="linkTextLocator" time="1.039"/>
  <system-out/>
  <testcase classname="curs19.SeleniumLocators" name="partialLinkTextLocator" time="1.378"/>
  <system-out/>
  <testcase classname="curs19.SeleniumLocators" name="classNameLocator" time="0.166"/>
  <system-out/>
  <testcase classname="curs19.SeleniumLocators" name="idLocator" time="0.701"/>
  <system-out/>
  <testcase classname="curs19.SeleniumLocators" name="nameLocator" time="3.306"/>
  <system-out/>
  <testcase classname="curs19.SeleniumLocators" name="cssSelectorLocator" time="0.092"/>
  <system-out/>
  <testcase classname="curs19.SeleniumLocators" name="xpathLocator" time="0.122"/>
  <system-out/>
</testsuite> <!-- curs19.SeleniumLocators -->
