<?xml version="1.0" encoding="UTF-8"?>
<!-- Generated by org.testng.reporters.JUnitReportReporter -->
<testsuite hostname="LAPTOP-E0AKRUV9" failures="0" tests="5" name="curs17.TestPriority" time="0.018" errors="0" timestamp="2024-04-26T17:54:20 EEST" skipped="0">
  <testcase classname="curs17.TestPriority" name="one" time="0.001"/>
  <system-out/>
  <testcase classname="curs17.TestPriority" name="four" time="0.001"/>
  <system-out/>
  <testcase classname="curs17.TestPriority" name="five" time="0.013"/>
  <system-out/>
  <testcase classname="curs17.TestPriority" name="two" time="0.001"/>
  <system-out/>
  <testcase classname="curs17.TestPriority" name="three" time="0.002"/>
  <system-out/>
</testsuite> <!-- curs17.TestPriority -->
