<?xml version="1.0" encoding="UTF-8"?>
<!-- Generated by org.testng.reporters.JUnitReportReporter -->
<testsuite hostname="LAPTOP-E0AKRUV9" failures="0" tests="1" name="curs20.FindElementsExample" time="1.590" errors="0" timestamp="2024-05-10T17:26:42 EEST" skipped="0">
  <testcase classname="curs20.FindElementsExample" name="testFindElements" time="1.590"/>
  <system-out/>
</testsuite> <!-- curs20.FindElementsExample -->
